size: 55 
Scatter: send to rank: 0 coords(0, 0) LX = 69, LY = 153 
Scatter: send to rank: 1 coords(0, 1) LX = 69, LY = 153 
Scatter: send to rank: 2 coords(0, 2) LX = 69, LY = 153 
Scatter: send to rank: 3 coords(0, 3) LX = 69, LY = 153 
Scatter: send to rank: 4 coords(0, 4) LX = 69, LY = 156 
Scatter: send to rank: 5 coords(1, 0) LX = 69, LY = 153 
Scatter: send to rank: 6 coords(1, 1) LX = 69, LY = 153 
Scatter: send to rank: 7 coords(1, 2) LX = 69, LY = 153 
Scatter: send to rank: 8 coords(1, 3) LX = 69, LY = 153 
Scatter: send to rank: 9 coords(1, 4) LX = 69, LY = 156 
Scatter: send to rank: 10 coords(2, 0) LX = 69, LY = 153 
Scatter: send to rank: 11 coords(2, 1) LX = 69, LY = 153 
Scatter: send to rank: 12 coords(2, 2) LX = 69, LY = 153 
Scatter: send to rank: 13 coords(2, 3) LX = 69, LY = 153 
Scatter: send to rank: 14 coords(2, 4) LX = 69, LY = 156 
Scatter: send to rank: 15 coords(3, 0) LX = 69, LY = 153 
Scatter: send to rank: 16 coords(3, 1) LX = 69, LY = 153 
Scatter: send to rank: 17 coords(3, 2) LX = 69, LY = 153 
Scatter: send to rank: 18 coords(3, 3) LX = 69, LY = 153 
Scatter: send to rank: 19 coords(3, 4) LX = 69, LY = 156 
Scatter: send to rank: 20 coords(4, 0) LX = 69, LY = 153 
Scatter: send to rank: 21 coords(4, 1) LX = 69, LY = 153 
Scatter: send to rank: 22 coords(4, 2) LX = 69, LY = 153 
Scatter: send to rank: 23 coords(4, 3) LX = 69, LY = 153 
Scatter: send to rank: 24 coords(4, 4) LX = 69, LY = 156 
Scatter: send to rank: 25 coords(5, 0) LX = 69, LY = 153 
Scatter: send to rank: 26 coords(5, 1) LX = 69, LY = 153 
Scatter: send to rank: 27 coords(5, 2) LX = 69, LY = 153 
Scatter: send to rank: 28 coords(5, 3) LX = 69, LY = 153 
Scatter: send to rank: 29 coords(5, 4) LX = 69, LY = 156 
Scatter: send to rank: 30 coords(6, 0) LX = 69, LY = 153 
Scatter: send to rank: 31 coords(6, 1) LX = 69, LY = 153 
Scatter: send to rank: 32 coords(6, 2) LX = 69, LY = 153 
Scatter: send to rank: 33 coords(6, 3) LX = 69, LY = 153 
Scatter: send to rank: 34 coords(6, 4) LX = 69, LY = 156 
Scatter: send to rank: 35 coords(7, 0) LX = 69, LY = 153 
Scatter: send to rank: 36 coords(7, 1) LX = 69, LY = 153 
Scatter: send to rank: 37 coords(7, 2) LX = 69, LY = 153 
Scatter: send to rank: 38 coords(7, 3) LX = 69, LY = 153 
Scatter: send to rank: 39 coords(7, 4) LX = 69, LY = 156 
Scatter: send to rank: 40 coords(8, 0) LX = 69, LY = 153 
Scatter: send to rank: 41 coords(8, 1) LX = 69, LY = 153 
Scatter: send to rank: 42 coords(8, 2) LX = 69, LY = 153 
Scatter: send to rank: 43 coords(8, 3) LX = 69, LY = 153 
Scatter: send to rank: 44 coords(8, 4) LX = 69, LY = 156 
Scatter: send to rank: 45 coords(9, 0) LX = 69, LY = 153 
Scatter: send to rank: 46 coords(9, 1) LX = 69, LY = 153 
Scatter: send to rank: 47 coords(9, 2) LX = 69, LY = 153 
Scatter: send to rank: 48 coords(9, 3) LX = 69, LY = 153 
Scatter: send to rank: 49 coords(9, 4) LX = 69, LY = 156 
Scatter: send to rank: 50 coords(10, 0) LX = 78, LY = 153 
Scatter: send to rank: 51 coords(10, 1) LX = 78, LY = 153 
Scatter: send to rank: 52 coords(10, 2) LX = 78, LY = 153 
Scatter: send to rank: 53 coords(10, 3) LX = 78, LY = 153 
Scatter: send to rank: 54 coords(10, 4) LX = 78, LY = 156 
ncell = 289513, Max = 434269, Min = 193008 
modifying cells...
rank: 0, step: 0, cells changed: 257623, cells alive: 292216, initial AliveCells: 289513
rank: 0, step: 500, cells changed: 18803, cells alive: 270446, initial AliveCells: 289513
rank: 0, step: 1000, cells changed: 13069, cells alive: 269298, initial AliveCells: 289513
rank: 0, step: 1500, cells changed: 10831, cells alive: 268594, initial AliveCells: 289513
rank: 0, step: 2000, cells changed: 9576, cells alive: 266946, initial AliveCells: 289513
rank: 0, step: 2500, cells changed: 8545, cells alive: 267863, initial AliveCells: 289513
rank: 0, step: 3000, cells changed: 7955, cells alive: 266944, initial AliveCells: 289513
rank: 0, step: 3500, cells changed: 7279, cells alive: 265993, initial AliveCells: 289513
rank: 0, step: 4000, cells changed: 7069, cells alive: 265303, initial AliveCells: 289513
rank: 0, step: 4500, cells changed: 6464, cells alive: 263535, initial AliveCells: 289513
rank: 0, step: 5000, cells changed: 6029, cells alive: 263163, initial AliveCells: 289513
rank: 0, step: 5500, cells changed: 5562, cells alive: 260886, initial AliveCells: 289513
rank: 0, step: 6000, cells changed: 5400, cells alive: 260717, initial AliveCells: 289513
rank: 0, step: 6500, cells changed: 5169, cells alive: 260201, initial AliveCells: 289513
rank: 0, step: 7000, cells changed: 5005, cells alive: 260883, initial AliveCells: 289513
rank: 0, step: 7500, cells changed: 4712, cells alive: 262905, initial AliveCells: 289513
L = 768, size = 55, finish after 7680 steps, total time 0.550428s, time per step: 0.000072s 
Gather: receive from rank: 0, coords(0, 0), LX = 69, LY = 153 
Gather: receive from rank: 1, coords(0, 1), LX = 69, LY = 153 
Gather: receive from rank: 2, coords(0, 2), LX = 69, LY = 153 
Gather: receive from rank: 3, coords(0, 3), LX = 69, LY = 153 
Gather: receive from rank: 4, coords(0, 4), LX = 69, LY = 156 
Gather: receive from rank: 5, coords(1, 0), LX = 69, LY = 153 
Gather: receive from rank: 6, coords(1, 1), LX = 69, LY = 153 
Gather: receive from rank: 7, coords(1, 2), LX = 69, LY = 153 
Gather: receive from rank: 8, coords(1, 3), LX = 69, LY = 153 
Gather: receive from rank: 9, coords(1, 4), LX = 69, LY = 156 
Gather: receive from rank: 10, coords(2, 0), LX = 69, LY = 153 
Gather: receive from rank: 11, coords(2, 1), LX = 69, LY = 153 
Gather: receive from rank: 12, coords(2, 2), LX = 69, LY = 153 
Gather: receive from rank: 13, coords(2, 3), LX = 69, LY = 153 
Gather: receive from rank: 14, coords(2, 4), LX = 69, LY = 156 
Gather: receive from rank: 15, coords(3, 0), LX = 69, LY = 153 
Gather: receive from rank: 16, coords(3, 1), LX = 69, LY = 153 
Gather: receive from rank: 17, coords(3, 2), LX = 69, LY = 153 
Gather: receive from rank: 18, coords(3, 3), LX = 69, LY = 153 
Gather: receive from rank: 19, coords(3, 4), LX = 69, LY = 156 
Gather: receive from rank: 20, coords(4, 0), LX = 69, LY = 153 
Gather: receive from rank: 21, coords(4, 1), LX = 69, LY = 153 
Gather: receive from rank: 22, coords(4, 2), LX = 69, LY = 153 
Gather: receive from rank: 23, coords(4, 3), LX = 69, LY = 153 
Gather: receive from rank: 24, coords(4, 4), LX = 69, LY = 156 
Gather: receive from rank: 25, coords(5, 0), LX = 69, LY = 153 
Gather: receive from rank: 26, coords(5, 1), LX = 69, LY = 153 
Gather: receive from rank: 27, coords(5, 2), LX = 69, LY = 153 
Gather: receive from rank: 28, coords(5, 3), LX = 69, LY = 153 
Gather: receive from rank: 29, coords(5, 4), LX = 69, LY = 156 
Gather: receive from rank: 30, coords(6, 0), LX = 69, LY = 153 
Gather: receive from rank: 31, coords(6, 1), LX = 69, LY = 153 
Gather: receive from rank: 32, coords(6, 2), LX = 69, LY = 153 
Gather: receive from rank: 33, coords(6, 3), LX = 69, LY = 153 
Gather: receive from rank: 34, coords(6, 4), LX = 69, LY = 156 
Gather: receive from rank: 35, coords(7, 0), LX = 69, LY = 153 
Gather: receive from rank: 36, coords(7, 1), LX = 69, LY = 153 
Gather: receive from rank: 37, coords(7, 2), LX = 69, LY = 153 
Gather: receive from rank: 38, coords(7, 3), LX = 69, LY = 153 
Gather: receive from rank: 39, coords(7, 4), LX = 69, LY = 156 
Gather: receive from rank: 40, coords(8, 0), LX = 69, LY = 153 
Gather: receive from rank: 41, coords(8, 1), LX = 69, LY = 153 
Gather: receive from rank: 42, coords(8, 2), LX = 69, LY = 153 
Gather: receive from rank: 43, coords(8, 3), LX = 69, LY = 153 
Gather: receive from rank: 44, coords(8, 4), LX = 69, LY = 156 
Gather: receive from rank: 45, coords(9, 0), LX = 69, LY = 153 
Gather: receive from rank: 46, coords(9, 1), LX = 69, LY = 153 
Gather: receive from rank: 47, coords(9, 2), LX = 69, LY = 153 
Gather: receive from rank: 48, coords(9, 3), LX = 69, LY = 153 
Gather: receive from rank: 49, coords(9, 4), LX = 69, LY = 156 
Gather: receive from rank: 50, coords(10, 0), LX = 78, LY = 153 
Gather: receive from rank: 51, coords(10, 1), LX = 78, LY = 153 
Gather: receive from rank: 52, coords(10, 2), LX = 78, LY = 153 
Gather: receive from rank: 53, coords(10, 3), LX = 78, LY = 153 
Gather: receive from rank: 54, coords(10, 4), LX = 78, LY = 156 
cellwrite: opening file <cell.pbm>
cellwrite: writing data ...
cellwrite: ... done
cellwrite: file closed
